<?xml version="1.0" encoding="UTF-8"?>
<testng-results ignored="0" total="1" passed="1" failed="0" skipped="0">
  <reporter-output>
  </reporter-output>
  <suite started-at="2025-08-05T19:51:39 IST" name="Suite" finished-at="2025-08-05T19:51:43 IST" duration-ms="3423">
    <groups>
    </groups>
    <test started-at="2025-08-05T19:51:39 IST" name="Test" finished-at="2025-08-05T19:51:43 IST" duration-ms="3423">
      <class name="mavendemo.tests.MavenTest1">
        <test-method signature="setUp()[pri:0, instance:mavendemo.tests.MavenTest1@647e447]" started-at="2025-08-05T19:51:39 IST" name="setUp" finished-at="2025-08-05T19:51:43 IST" duration-ms="3361" status="PASS">
          <reporter-output>
          </reporter-output>
        </test-method> <!-- setUp -->
      </class> <!-- mavendemo.tests.MavenTest1 -->
    </test> <!-- Test -->
  </suite> <!-- Suite -->
</testng-results>
